<?xml version="1.0" encoding="UTF-8"?>
<!-- Generated by org.testng.reporters.JUnitReportReporter -->
<testsuite hostname="MC-PC" name="com.moji.miweather.mc.MainPage" tests="1" failures="0" timestamp="17 Nov 2016 12:59:07 GMT" time="206.202" errors="0">
  <testcase name="test" time="206.202" classname="com.moji.miweather.mc.MainPage"/>
</testsuite> <!-- com.moji.miweather.mc.MainPage -->
